<?xml version="1.0" encoding="UTF-8"?>
<coverage generated="1771276034432" clover="3.2.0">
  <project timestamp="1771276034432" name="All files">
    <metrics statements="7" coveredstatements="7" conditionals="6" coveredconditionals="6" methods="2" coveredmethods="2" elements="15" coveredelements="15" complexity="0" loc="7" ncloc="7" packages="1" files="1" classes="1"/>
    <file name="useUserContext.ts" path="/Volumes/plix/PLIX/RADNO/APPS/MOJVIS/mojvis-neobrutalist-mockups/mobile/src/hooks/useUserContext.ts">
      <metrics statements="7" coveredstatements="7" conditionals="6" coveredconditionals="6" methods="2" coveredmethods="2"/>
      <line num="31" count="22" type="stmt"/>
      <line num="32" count="22" type="stmt"/>
      <line num="34" count="22" type="cond" truecount="2" falsecount="0"/>
      <line num="35" count="22" type="cond" truecount="2" falsecount="0"/>
      <line num="36" count="22" type="cond" truecount="2" falsecount="0"/>
      <line num="39" count="22" type="stmt"/>
      <line num="40" count="21" type="stmt"/>
    </file>
  </project>
</coverage>
