{"/Volumes/plix/PLIX/RADNO/APPS/MOJVIS/mojvis-neobrutalist-mockups/mobile/src/hooks/useUserContext.ts": {"path":"/Volumes/plix/PLIX/RADNO/APPS/MOJVIS/mojvis-neobrutalist-mockups/mobile/src/hooks/useUserContext.ts","statementMap":{"0":{"start":{"line":31,"column":19},"end":{"line":31,"column":34}},"1":{"start":{"line":32,"column":40},"end":{"line":32,"column":57}},"2":{"start":{"line":34,"column":19},"end":{"line":34,"column":46}},"3":{"start":{"line":35,"column":23},"end":{"line":35,"column":49}},"4":{"start":{"line":36,"column":19},"end":{"line":36,"column":42}},"5":{"start":{"line":39,"column":2},"end":{"line":42,"column":4}},"6":{"start":{"line":40,"column":11},"end":{"line":40,"column":47}}},"fnMap":{"0":{"name":"useUserContext","decl":{"start":{"line":30,"column":16},"end":{"line":30,"column":30}},"loc":{"start":{"line":30,"column":46},"end":{"line":43,"column":1}},"line":30},"1":{"name":"(anonymous_1)","decl":{"start":{"line":40,"column":4},"end":{"line":40,"column":5}},"loc":{"start":{"line":40,"column":11},"end":{"line":40,"column":47}},"line":40}},"branchMap":{"0":{"loc":{"start":{"line":34,"column":19},"end":{"line":34,"column":46}},"type":"binary-expr","locations":[{"start":{"line":34,"column":19},"end":{"line":34,"column":33}},{"start":{"line":34,"column":37},"end":{"line":34,"column":46}}],"line":34},"1":{"loc":{"start":{"line":35,"column":23},"end":{"line":35,"column":49}},"type":"binary-expr","locations":[{"start":{"line":35,"column":23},"end":{"line":35,"column":41}},{"start":{"line":35,"column":45},"end":{"line":35,"column":49}}],"line":35},"2":{"loc":{"start":{"line":36,"column":19},"end":{"line":36,"column":42}},"type":"binary-expr","locations":[{"start":{"line":36,"column":19},"end":{"line":36,"column":34}},{"start":{"line":36,"column":38},"end":{"line":36,"column":42}}],"line":36}},"s":{"0":22,"1":22,"2":22,"3":22,"4":22,"5":22,"6":21},"f":{"0":22,"1":21},"b":{"0":[22,3],"1":[22,6],"2":[22,1]},"_coverageSchema":"1a1c01bbd47fc00a2c39e90264f33305004495a9","hash":"f4c70fba09dcf8926c853395ccdbb94154932ccb"}
}
